2025-05-25 15:42:00 | WARN | repo=arquillian-phantom-driver | action=commit
2025-06-04 19:57:00 | DEBUG | repo=arquillian-phantom-driver | action=commit
2025-08-13 16:53:00 | DEBUG | repo=arquillian-phantom-driver | action=commit
2025-06-22 07:07:00 | WARN | repo=arquillian-phantom-driver | action=commit
2025-03-03 10:01:00 | INFO | repo=arquillian-phantom-driver | action=pull
2025-07-27 14:40:00 | DEBUG | repo=arquillian-phantom-driver | action=commit
2025-11-12 20:43:00 | INFO | repo=arquillian-phantom-driver | action=edit | files=3
2025-04-08 08:02:00 | INFO | repo=arquillian-phantom-driver | action=commit
2025-05-18 19:49:00 | WARN | repo=arquillian-phantom-driver | action=test | passed=true
2025-02-18 21:06:00 | WARN | repo=arquillian-phantom-driver | action=commit
2025-04-02 20:28:00 | WARN | repo=arquillian-phantom-driver | action=commit
2025-02-13 10:19:00 | DEBUG | repo=arquillian-phantom-driver | action=commit
2025-06-15 10:23:00 | WARN | repo=arquillian-phantom-driver | action=commit
2025-04-13 20:17:00 | DEBUG | repo=arquillian-phantom-driver | action=commit
2025-03-21 16:50:00 | DEBUG | repo=arquillian-phantom-driver | action=commit
2025-12-04 16:01:00 | WARN | repo=arquillian-phantom-driver | action=commit
2025-05-06 20:33:00 | DEBUG | repo=arquillian-phantom-driver | action=edit | files=1
2025-08-05 07:24:00 | WARN | repo=arquillian-phantom-driver | action=commit
2025-05-22 15:45:00 | INFO | repo=arquillian-phantom-driver | action=commit
2025-06-08 16:30:00 | DEBUG | repo=arquillian-phantom-driver | action=commit
2025-02-01 13:46:00 | WARN | repo=arquillian-phantom-driver | action=edit | files=5
2025-11-25 10:10:00 | WARN | repo=arquillian-phantom-driver | action=commit
2025-12-03 12:34:00 | WARN | repo=arquillian-phantom-driver | action=commit
2025-09-04 09:27:00 | DEBUG | repo=arquillian-phantom-driver | action=commit
